2024-03-14 10:15:56:1556 [[35mhttp[39m] [35mDebut session[39m
2024-03-14 11:38:10:3810 [[35mhttp[39m] [35mDebut session[39m
2024-03-14 11:38:31:3831 [[35mhttp[39m] [35m::1 GET /api/rooms/5 404 38 - 50.126 ms[39m
[35m[39m
2024-03-14 11:38:34:3834 [[35mhttp[39m] [35m::1 GET /api/rooms/1 200 117 - 12.073 ms[39m
[35m[39m
2024-03-14 11:38:38:3838 [[35mhttp[39m] [35m::1 GET /api/rooms 200 733 - 8.131 ms[39m
[35m[39m
2024-03-14 11:38:46:3846 [[35mhttp[39m] [35m::1 POST /api/rooms 200 70 - 149.947 ms[39m
[35m[39m
2024-03-14 11:38:54:3854 [[35mhttp[39m] [35m::1 GET /api/rooms 200 858 - 19.291 ms[39m
[35m[39m
2024-03-14 11:39:02:392 [[35mhttp[39m] [35m::1 PUT /api/rooms/8 200 44 - 32.494 ms[39m
[35m[39m
2024-03-14 11:39:06:396 [[35mhttp[39m] [35m::1 GET /api/rooms 200 852 - 6.101 ms[39m
[35m[39m
2024-03-14 11:39:10:3910 [[35mhttp[39m] [35m::1 DELETE /api/rooms/8 200 77 - 12.192 ms[39m
[35m[39m
2024-03-14 11:39:34:3934 [[35mhttp[39m] [35mDebut session[39m
2024-03-14 11:39:36:3936 [[35mhttp[39m] [35m::1 DELETE /api/rooms/8 500 62 - 23.268 ms[39m
[35m[39m
2024-03-14 11:40:09:409 [[35mhttp[39m] [35m::1 DELETE /api/rooms/8 500 62 - 37.180 ms[39m
[35m[39m
2024-03-14 11:40:48:4048 [[35mhttp[39m] [35mDebut session[39m
2024-03-14 11:40:51:4051 [[35mhttp[39m] [35m::1 DELETE /api/rooms/8 404 39 - 19.694 ms[39m
[35m[39m
2024-03-14 11:40:56:4056 [[35mhttp[39m] [35m::1 DELETE /api/rooms/9 404 39 - 5.588 ms[39m
[35m[39m
2024-03-14 11:40:58:4058 [[35mhttp[39m] [35m::1 DELETE /api/rooms/6 500 62 - 7.916 ms[39m
[35m[39m
2024-03-14 11:41:08:418 [[35mhttp[39m] [35m::1 DELETE /api/rooms 404 151 - 4.030 ms[39m
[35m[39m
2024-03-14 11:41:21:4121 [[35mhttp[39m] [35m::1 DELETE /api/rooms 404 151 - 3.792 ms[39m
[35m[39m
2024-03-14 11:41:29:4129 [[35mhttp[39m] [35m::1 DELETE /api/rooms/1 500 62 - 30.827 ms[39m
[35m[39m
2024-03-14 11:41:59:4159 [[35mhttp[39m] [35m::1 DELETE /api/rooms/1 500 62 - 19.978 ms[39m
[35m[39m
2024-03-14 11:42:03:423 [[35mhttp[39m] [35m::1 GET /api/rooms 200 733 - 7.652 ms[39m
[35m[39m
2024-03-14 11:42:09:429 [[35mhttp[39m] [35m::1 DELETE /api/rooms/1 500 62 - 11.058 ms[39m
[35m[39m
2024-03-14 11:42:12:4212 [[35mhttp[39m] [35m::1 DELETE /api/rooms/2 500 62 - 4.104 ms[39m
[35m[39m
2024-03-14 11:42:32:4232 [[35mhttp[39m] [35mDebut session[39m
2024-03-14 11:42:35:4235 [[35mhttp[39m] [35m::1 DELETE /api/rooms/2 500 62 - 27.222 ms[39m
[35m[39m
2024-03-14 11:42:55:4255 [[35mhttp[39m] [35mDebut session[39m
2024-03-14 11:42:56:4256 [[35mhttp[39m] [35m::1 DELETE /api/rooms/2 200 77 - 25.782 ms[39m
[35m[39m
2024-03-14 11:43:14:4314 [[35mhttp[39m] [35mDebut session[39m
2024-03-14 11:43:17:4317 [[35mhttp[39m] [35mDebut session[39m
2024-03-14 11:43:21:4321 [[35mhttp[39m] [35mDebut session[39m
2024-03-14 11:43:28:4328 [[35mhttp[39m] [35mDebut session[39m
2024-03-14 11:43:29:4329 [[35mhttp[39m] [35m::1 DELETE /api/rooms/2 404 36 - 34.910 ms[39m
[35m[39m
2024-03-14 11:43:32:4332 [[35mhttp[39m] [35m::1 DELETE /api/rooms/3 200 47 - 18.768 ms[39m
[35m[39m
2024-03-14 11:44:29:4429 [[35mhttp[39m] [35m::1 GET /api/spots 200 134 - 33.154 ms[39m
[35m[39m
2024-03-14 11:44:38:4438 [[35mhttp[39m] [35m::1 GET /api/spots/1 500 58 - 4.932 ms[39m
[35m[39m
2024-03-14 11:52:36:5236 [[35mhttp[39m] [35m::1 GET /api/spots/1 500 58 - 14.844 ms[39m
[35m[39m
2024-03-14 11:52:51:5251 [[35mhttp[39m] [35mDebut session[39m
2024-03-14 11:53:13:5313 [[35mhttp[39m] [35mDebut session[39m
2024-03-14 11:53:16:5316 [[35mhttp[39m] [35mDebut session[39m
2024-03-14 11:53:20:5320 [[35mhttp[39m] [35m::1 GET /api/spots/1 500 58 - 19.638 ms[39m
[35m[39m
2024-03-14 11:53:34:5334 [[35mhttp[39m] [35m::1 GET /api/spots 200 134 - 45.942 ms[39m
[35m[39m
2024-03-14 11:54:03:543 [[35mhttp[39m] [35m::1 POST /api/spots 500 61 - 22.642 ms[39m
[35m[39m
2024-03-14 11:54:16:5416 [[35mhttp[39m] [35mDebut session[39m
2024-03-14 11:54:21:5421 [[35mhttp[39m] [35mDebut session[39m
2024-03-14 11:54:29:5429 [[35mhttp[39m] [35mDebut session[39m
2024-03-14 11:54:31:5431 [[35mhttp[39m] [35mDebut session[39m
2024-03-14 11:54:47:5447 [[35mhttp[39m] [35mDebut session[39m
2024-03-14 11:55:17:5517 [[35mhttp[39m] [35mDebut session[39m
2024-03-14 11:55:19:5519 [[35mhttp[39m] [35mDebut session[39m
2024-03-14 11:55:22:5522 [[35mhttp[39m] [35m::1 POST /api/spots 500 61 - 25.384 ms[39m
[35m[39m
2024-03-14 11:55:31:5531 [[35mhttp[39m] [35mDebut session[39m
2024-03-14 11:55:38:5538 [[35mhttp[39m] [35mDebut session[39m
2024-03-14 11:55:52:5552 [[35mhttp[39m] [35mDebut session[39m
2024-03-14 11:55:59:5559 [[35mhttp[39m] [35mDebut session[39m
2024-03-14 11:56:08:568 [[35mhttp[39m] [35mDebut session[39m
2024-03-14 11:56:14:5614 [[35mhttp[39m] [35mDebut session[39m
2024-03-14 11:56:15:5615 [[35mhttp[39m] [35mDebut session[39m
2024-03-14 11:56:35:5635 [[35mhttp[39m] [35m::1 POST /api/spots 200 77 - 60.732 ms[39m
[35m[39m
2024-03-14 11:56:46:5646 [[35mhttp[39m] [35mDebut session[39m
2024-03-14 11:57:00:570 [[35mhttp[39m] [35mDebut session[39m
2024-03-14 11:57:17:5717 [[35mhttp[39m] [35mDebut session[39m
2024-03-14 11:57:19:5719 [[35mhttp[39m] [35mDebut session[39m
2024-03-14 11:57:25:5725 [[35mhttp[39m] [35mDebut session[39m
2024-03-14 11:57:30:5730 [[35mhttp[39m] [35m::1 POST /api/spots 200 61 - 48.457 ms[39m
[35m[39m
2024-03-14 11:57:45:5745 [[35mhttp[39m] [35mDebut session[39m
2024-03-14 11:57:48:5748 [[35mhttp[39m] [35mDebut session[39m
2024-03-14 11:57:49:5749 [[35mhttp[39m] [35m::1 POST /api/spots 200 61 - 35.209 ms[39m
[35m[39m
2024-03-14 11:58:01:581 [[35mhttp[39m] [35mDebut session[39m
2024-03-14 11:58:06:586 [[35mhttp[39m] [35mDebut session[39m
2024-03-14 11:58:06:586 [[35mhttp[39m] [35m::1 POST /api/spots 200 77 - 18.861 ms[39m
[35m[39m
2024-03-14 11:58:11:5811 [[35mhttp[39m] [35mDebut session[39m
2024-03-14 11:58:16:5816 [[35mhttp[39m] [35mDebut session[39m
2024-03-14 11:58:35:5835 [[35mhttp[39m] [35mDebut session[39m
2024-03-14 11:58:38:5838 [[35mhttp[39m] [35mDebut session[39m
2024-03-14 11:58:49:5849 [[35mhttp[39m] [35mDebut session[39m
2024-03-14 11:58:58:5858 [[35mhttp[39m] [35mDebut session[39m
2024-03-14 11:59:01:591 [[35mhttp[39m] [35mDebut session[39m
2024-03-14 11:59:04:594 [[35mhttp[39m] [35mDebut session[39m
2024-03-14 11:59:05:595 [[35mhttp[39m] [35mDebut session[39m
2024-03-14 11:59:09:599 [[35mhttp[39m] [35mDebut session[39m
2024-03-14 11:59:11:5911 [[35mhttp[39m] [35mDebut session[39m
2024-03-14 11:59:18:5918 [[35mhttp[39m] [35mDebut session[39m
2024-03-14 11:59:50:5950 [[35mhttp[39m] [35mDebut session[39m
2024-03-14 11:59:53:5953 [[35mhttp[39m] [35m::1 POST /api/spots 200 77 - 47.597 ms[39m
[35m[39m
2024-03-14 11:59:58:5958 [[35mhttp[39m] [35mDebut session[39m
2024-03-14 11:59:59:5959 [[35mhttp[39m] [35m::1 POST /api/spots 200 67 - 24.296 ms[39m
[35m[39m
2024-03-14 12:00:13:013 [[35mhttp[39m] [35mDebut session[39m
2024-03-14 12:00:14:014 [[35mhttp[39m] [35mDebut session[39m
2024-03-14 12:00:16:016 [[35mhttp[39m] [35mDebut session[39m
2024-03-14 12:00:22:022 [[35mhttp[39m] [35m::1 GET /api/spots 200 872 - 21.545 ms[39m
[35m[39m
2024-03-14 12:00:27:027 [[35mhttp[39m] [35m::1 GET /api/spots/6 500 58 - 3.296 ms[39m
[35m[39m
2024-03-14 12:01:04:14 [[35mhttp[39m] [35mDebut session[39m
2024-03-14 12:01:05:15 [[35mhttp[39m] [35m::1 GET /api/spots/6 200 131 - 25.970 ms[39m
[35m[39m
2024-03-14 12:02:05:25 [[35mhttp[39m] [35mDebut session[39m
2024-03-14 12:02:13:213 [[35mhttp[39m] [35mDebut session[39m
2024-03-14 12:02:15:215 [[35mhttp[39m] [35mDebut session[39m
2024-03-14 12:02:18:218 [[35mhttp[39m] [35m::1 POST /api/spots 200 70 - 35.808 ms[39m
[35m[39m
2024-03-14 12:02:43:243 [[35mhttp[39m] [35mDebut session[39m
2024-03-14 12:03:01:31 [[35mhttp[39m] [35mDebut session[39m
2024-03-14 12:03:23:323 [[35mhttp[39m] [35mDebut session[39m
2024-03-14 12:03:27:327 [[35mhttp[39m] [35m::1 POST /api/spots 200 70 - 36.428 ms[39m
[35m[39m
2024-03-14 12:03:44:344 [[35mhttp[39m] [35mDebut session[39m
2024-03-14 12:03:45:345 [[35mhttp[39m] [35mDebut session[39m
2024-03-14 12:03:48:348 [[35mhttp[39m] [35mDebut session[39m
2024-03-14 12:03:54:354 [[35mhttp[39m] [35mDebut session[39m
2024-03-14 12:03:55:355 [[35mhttp[39m] [35m::1 POST /api/spots 200 132 - 23.165 ms[39m
[35m[39m
2024-03-14 12:04:15:415 [[35mhttp[39m] [35m::1 PUT /api/spots/4 200 50 - 20.079 ms[39m
[35m[39m
2024-03-14 12:04:28:428 [[35mhttp[39m] [35mDebut session[39m
2024-03-14 12:04:48:448 [[35mhttp[39m] [35mDebut session[39m
2024-03-14 12:04:57:457 [[35mhttp[39m] [35mDebut session[39m
2024-03-14 12:05:02:52 [[35mhttp[39m] [35mDebut session[39m
2024-03-14 12:05:12:512 [[35mhttp[39m] [35mDebut session[39m
2024-03-14 12:05:18:518 [[35mhttp[39m] [35mDebut session[39m
2024-03-14 12:05:33:533 [[35mhttp[39m] [35mDebut session[39m
2024-03-14 12:05:37:537 [[35mhttp[39m] [35mDebut session[39m
2024-03-14 12:05:45:545 [[35mhttp[39m] [35mDebut session[39m
2024-03-14 12:05:56:556 [[35mhttp[39m] [35mDebut session[39m
2024-03-14 12:05:58:558 [[35mhttp[39m] [35mDebut session[39m
2024-03-14 12:06:02:62 [[35mhttp[39m] [35mDebut session[39m
2024-03-14 12:06:54:654 [[35mhttp[39m] [35mDebut session[39m
2024-03-14 12:06:58:658 [[35mhttp[39m] [35mDebut session[39m
2024-03-14 12:07:00:70 [[35mhttp[39m] [35mDebut session[39m
2024-03-14 12:07:02:72 [[35mhttp[39m] [35mDebut session[39m
2024-03-14 12:07:05:75 [[35mhttp[39m] [35mDebut session[39m
2024-03-14 12:07:07:77 [[35mhttp[39m] [35mDebut session[39m
2024-03-14 12:07:28:728 [[35mhttp[39m] [35m::1 PUT /api/spots/4 400 41 - 21.270 ms[39m
[35m[39m
2024-03-14 12:07:42:742 [[35mhttp[39m] [35m::1 POST /auth/signin 201 205 - 160.641 ms[39m
[35m[39m
2024-03-14 12:08:02:82 [[35mhttp[39m] [35m::1 PUT /api/spots/4 200 133 - 38.256 ms[39m
[35m[39m
2024-03-14 12:08:27:827 [[35mhttp[39m] [35m::1 DELETE /api/spots 404 151 - 6.688 ms[39m
[35m[39m
2024-03-14 12:08:57:857 [[35mhttp[39m] [35mDebut session[39m
2024-03-14 12:09:18:918 [[35mhttp[39m] [35mDebut session[39m
2024-03-14 12:09:25:925 [[35mhttp[39m] [35mDebut session[39m
2024-03-14 12:09:32:932 [[35mhttp[39m] [35mDebut session[39m
2024-03-14 12:09:33:933 [[35mhttp[39m] [35mDebut session[39m
2024-03-14 12:09:41:941 [[35mhttp[39m] [35mDebut session[39m
2024-03-14 12:09:46:946 [[35mhttp[39m] [35mDebut session[39m
2024-03-14 12:09:47:947 [[35mhttp[39m] [35mDebut session[39m
2024-03-14 12:09:50:950 [[35mhttp[39m] [35mDebut session[39m
2024-03-14 12:09:53:953 [[35mhttp[39m] [35mDebut session[39m
2024-03-14 12:10:00:100 [[35mhttp[39m] [35mDebut session[39m
2024-03-14 12:10:22:1022 [[35mhttp[39m] [35mDebut session[39m
2024-03-14 12:10:33:1033 [[35mhttp[39m] [35mDebut session[39m
2024-03-14 12:10:34:1034 [[35mhttp[39m] [35mDebut session[39m
2024-03-14 12:10:53:1053 [[35mhttp[39m] [35mDebut session[39m
2024-03-14 12:11:00:110 [[35mhttp[39m] [35mDebut session[39m
2024-03-14 12:11:01:111 [[35mhttp[39m] [35mDebut session[39m
2024-03-14 12:11:03:113 [[35mhttp[39m] [35mDebut session[39m
2024-03-14 12:11:04:114 [[35mhttp[39m] [35mDebut session[39m
2024-03-14 12:11:12:1112 [[35mhttp[39m] [35mDebut session[39m
2024-03-14 12:11:14:1114 [[35mhttp[39m] [35mDebut session[39m
2024-03-14 12:12:08:128 [[35mhttp[39m] [35mDebut session[39m
2024-03-14 12:12:17:1217 [[35mhttp[39m] [35mDebut session[39m
2024-03-14 12:12:20:1220 [[35mhttp[39m] [35mDebut session[39m
2024-03-14 12:12:26:1226 [[35mhttp[39m] [35mDebut session[39m
2024-03-14 12:12:37:1237 [[35mhttp[39m] [35mDebut session[39m
2024-03-14 12:12:41:1241 [[35mhttp[39m] [35mDebut session[39m
2024-03-14 12:12:45:1245 [[35mhttp[39m] [35mDebut session[39m
2024-03-14 12:12:53:1253 [[35mhttp[39m] [35mDebut session[39m
2024-03-14 12:12:56:1256 [[35mhttp[39m] [35mDebut session[39m
2024-03-14 12:13:00:130 [[35mhttp[39m] [35mDebut session[39m
2024-03-14 12:13:03:133 [[35mhttp[39m] [35mDebut session[39m
2024-03-14 12:13:09:139 [[35mhttp[39m] [35mDebut session[39m
2024-03-14 12:13:10:1310 [[35mhttp[39m] [35mDebut session[39m
2024-03-14 12:14:16:1416 [[35mhttp[39m] [35m::1 GET /api/spots/6 200 131 - 45.725 ms[39m
[35m[39m
2024-03-14 12:14:18:1418 [[35mhttp[39m] [35m::1 GET /api/spots 200 1242 - 9.249 ms[39m
[35m[39m
2024-03-14 12:14:21:1421 [[35mhttp[39m] [35m::1 POST /api/spots 200 132 - 32.036 ms[39m
[35m[39m
2024-03-14 12:14:29:1429 [[35mhttp[39m] [35m::1 PUT /api/spots/11 200 134 - 4.390 ms[39m
[35m[39m
2024-03-14 12:14:35:1435 [[35mhttp[39m] [35m::1 PUT /api/spots/11 200 133 - 7.286 ms[39m
[35m[39m
2024-03-14 12:14:40:1440 [[35mhttp[39m] [35m::1 DELETE /api/spots 404 151 - 8.853 ms[39m
[35m[39m
2024-03-14 12:15:20:1520 [[35mhttp[39m] [35mDebut session[39m
2024-03-14 12:15:29:1529 [[35mhttp[39m] [35mDebut session[39m
2024-03-14 12:15:34:1534 [[35mhttp[39m] [35mDebut session[39m
2024-03-14 12:15:37:1537 [[35mhttp[39m] [35mDebut session[39m
2024-03-14 12:15:41:1541 [[35mhttp[39m] [35mDebut session[39m
2024-03-14 12:15:44:1544 [[35mhttp[39m] [35mDebut session[39m
2024-03-14 12:15:48:1548 [[35mhttp[39m] [35mDebut session[39m
2024-03-14 12:16:11:1611 [[35mhttp[39m] [35mDebut session[39m
2024-03-14 12:16:14:1614 [[35mhttp[39m] [35mDebut session[39m
2024-03-14 12:16:20:1620 [[35mhttp[39m] [35mDebut session[39m
2024-03-14 12:16:29:1629 [[35mhttp[39m] [35mDebut session[39m
2024-03-14 12:16:30:1630 [[35mhttp[39m] [35mDebut session[39m
2024-03-14 12:16:36:1636 [[35mhttp[39m] [35mDebut session[39m
2024-03-14 12:16:38:1638 [[35mhttp[39m] [35mDebut session[39m
2024-03-14 12:16:40:1640 [[35mhttp[39m] [35mDebut session[39m
2024-03-14 12:16:45:1645 [[35mhttp[39m] [35m::1 DELETE /api/spots/1 500 64 - 22.066 ms[39m
[35m[39m
2024-03-14 12:17:50:1750 [[35mhttp[39m] [35m::1 DELETE /api/spots/1 500 64 - 37.202 ms[39m
[35m[39m
2024-03-14 12:18:06:186 [[35mhttp[39m] [35mDebut session[39m
2024-03-14 12:18:12:1812 [[35mhttp[39m] [35m::1 DELETE /api/spots/1 500 62 - 25.545 ms[39m
[35m[39m
2024-03-14 12:18:50:1850 [[35mhttp[39m] [35mDebut session[39m
2024-03-14 12:18:52:1852 [[35mhttp[39m] [35mDebut session[39m
2024-03-14 12:19:01:191 [[35mhttp[39m] [35mDebut session[39m
2024-03-14 12:19:05:195 [[35mhttp[39m] [35mDebut session[39m
2024-03-14 12:19:17:1917 [[35mhttp[39m] [35mDebut session[39m
2024-03-14 12:19:21:1921 [[35mhttp[39m] [35mDebut session[39m
2024-03-14 12:19:24:1924 [[35mhttp[39m] [35m::1 DELETE /api/spots/1 200 49 - 45.250 ms[39m
[35m[39m
2024-03-14 12:19:33:1933 [[35mhttp[39m] [35m::1 DELETE /api/spots/1 500 36 - 5.422 ms[39m
[35m[39m
2024-03-14 12:20:08:208 [[35mhttp[39m] [35mDebut session[39m
2024-03-14 12:20:10:2010 [[35mhttp[39m] [35m::1 GET /api/users 200 727 - 25.245 ms[39m
[35m[39m
2024-03-14 12:20:34:2034 [[35mhttp[39m] [35m::1 GET /api/users 200 727 - 21.834 ms[39m
[35m[39m
2024-03-14 12:20:36:2036 [[35mhttp[39m] [35m::1 GET /api/users/1 200 2 - 5.253 ms[39m
[35m[39m
2024-03-14 12:20:40:2040 [[35mhttp[39m] [35m::1 GET /api/users 200 727 - 6.526 ms[39m
[35m[39m
2024-03-14 12:20:53:2053 [[35mhttp[39m] [35mDebut session[39m
2024-03-14 12:20:53:2053 [[35mhttp[39m] [35m::1 GET /api/users/id 200 898 - 28.533 ms[39m
[35m[39m
2024-03-14 12:21:56:2156 [[35mhttp[39m] [35mDebut session[39m
2024-03-14 12:21:59:2159 [[35mhttp[39m] [35mDebut session[39m
2024-03-14 12:22:07:227 [[35mhttp[39m] [35mDebut session[39m
2024-03-14 12:22:13:2213 [[35mhttp[39m] [35mDebut session[39m
2024-03-14 12:22:18:2218 [[35mhttp[39m] [35mDebut session[39m
2024-03-14 12:22:20:2220 [[35mhttp[39m] [35m::1 GET /api/users/id 200 898 - 20.965 ms[39m
[35m[39m
2024-03-14 12:22:29:2229 [[35mhttp[39m] [35mDebut session[39m
2024-03-14 12:22:31:2231 [[35mhttp[39m] [35mDebut session[39m
2024-03-14 12:22:33:2233 [[35mhttp[39m] [35mDebut session[39m
2024-03-14 12:22:36:2236 [[35mhttp[39m] [35mDebut session[39m
2024-03-14 12:22:42:2242 [[35mhttp[39m] [35mDebut session[39m
2024-03-14 12:22:49:2249 [[35mhttp[39m] [35mDebut session[39m
2024-03-14 12:23:02:232 [[35mhttp[39m] [35m::1 GET /api/users/id 500 73 - 36.083 ms[39m
[35m[39m
2024-03-14 12:23:05:235 [[35mhttp[39m] [35m::1 GET /api/users/1 500 73 - 23.751 ms[39m
[35m[39m
2024-03-14 12:23:10:2310 [[35mhttp[39m] [35m::1 GET /api/users/2 500 73 - 21.540 ms[39m
[35m[39m
2024-03-14 12:23:25:2325 [[35mhttp[39m] [35mDebut session[39m
2024-03-14 12:24:17:2417 [[35mhttp[39m] [35m::1 GET /api/users/2 500 73 - 60.756 ms[39m
[35m[39m
2024-03-14 12:24:36:2436 [[35mhttp[39m] [35mDebut session[39m
2024-03-14 12:24:37:2437 [[35mhttp[39m] [35m::1 GET /api/users/2 200 257 - 12.894 ms[39m
[35m[39m
2024-03-14 12:24:46:2446 [[35mhttp[39m] [35m::1 GET /api/users 200 727 - 13.066 ms[39m
[35m[39m
2024-03-14 12:25:00:250 [[35mhttp[39m] [35mDebut session[39m
2024-03-14 12:25:02:252 [[35mhttp[39m] [35mDebut session[39m
2024-03-14 12:25:04:254 [[35mhttp[39m] [35mDebut session[39m
2024-03-14 12:25:06:256 [[35mhttp[39m] [35mDebut session[39m
2024-03-14 12:25:09:259 [[35mhttp[39m] [35mDebut session[39m
2024-03-14 12:25:17:2517 [[35mhttp[39m] [35mDebut session[39m
2024-03-14 12:25:21:2521 [[35mhttp[39m] [35mDebut session[39m
2024-03-14 12:25:23:2523 [[35mhttp[39m] [35mDebut session[39m
2024-03-14 12:25:42:2542 [[35mhttp[39m] [35mDebut session[39m
2024-03-14 12:25:49:2549 [[35mhttp[39m] [35mDebut session[39m
2024-03-14 12:25:52:2552 [[35mhttp[39m] [35mDebut session[39m
2024-03-14 12:25:57:2557 [[35mhttp[39m] [35mDebut session[39m
2024-03-14 12:26:01:261 [[35mhttp[39m] [35mDebut session[39m
2024-03-14 12:26:03:263 [[35mhttp[39m] [35mDebut session[39m
2024-03-14 12:26:07:267 [[35mhttp[39m] [35mDebut session[39m
2024-03-14 12:26:14:2614 [[35mhttp[39m] [35mDebut session[39m
2024-03-14 12:26:19:2619 [[35mhttp[39m] [35mDebut session[39m
2024-03-14 12:26:21:2621 [[35mhttp[39m] [35mDebut session[39m
2024-03-14 12:26:35:2635 [[35mhttp[39m] [35mDebut session[39m
2024-03-14 12:26:43:2643 [[35mhttp[39m] [35mDebut session[39m
2024-03-14 12:27:21:2721 [[35mhttp[39m] [35mDebut session[39m
2024-03-14 12:27:23:2723 [[35mhttp[39m] [35mDebut session[39m
2024-03-14 12:27:25:2725 [[35mhttp[39m] [35mDebut session[39m
2024-03-14 12:27:30:2730 [[35mhttp[39m] [35mDebut session[39m
2024-03-14 12:27:32:2732 [[35mhttp[39m] [35mDebut session[39m
2024-03-14 12:27:33:2733 [[35mhttp[39m] [35mDebut session[39m
2024-03-14 12:27:37:2737 [[35mhttp[39m] [35mDebut session[39m
2024-03-14 12:27:39:2739 [[35mhttp[39m] [35mDebut session[39m
2024-03-14 12:27:49:2749 [[35mhttp[39m] [35mDebut session[39m
2024-03-14 12:27:59:2759 [[35mhttp[39m] [35m::1 PUT /api/users/1 200 247 - 49.528 ms[39m
[35m[39m
2024-03-14 12:28:32:2832 [[35mhttp[39m] [35m::1 PUT /api/users/1 400 1284 - 24.619 ms[39m
[35m[39m
2024-03-14 12:28:41:2841 [[35mhttp[39m] [35mDebut session[39m
2024-03-14 12:28:45:2845 [[35mhttp[39m] [35mDebut session[39m
2024-03-14 12:28:46:2846 [[35mhttp[39m] [35mDebut session[39m
2024-03-14 12:29:03:293 [[35mhttp[39m] [35mDebut session[39m
2024-03-14 12:30:25:3025 [[35mhttp[39m] [35mDebut session[39m
2024-03-14 12:30:42:3042 [[35mhttp[39m] [35mDebut session[39m
2024-03-14 12:30:43:3043 [[35mhttp[39m] [35mDebut session[39m
2024-03-14 12:30:44:3044 [[35mhttp[39m] [35mDebut session[39m
2024-03-14 12:31:25:3125 [[35mhttp[39m] [35mDebut session[39m
2024-03-14 12:31:32:3132 [[35mhttp[39m] [35mDebut session[39m
2024-03-14 12:31:44:3144 [[35mhttp[39m] [35mDebut session[39m
2024-03-14 12:31:49:3149 [[35mhttp[39m] [35mDebut session[39m
2024-03-14 12:31:55:3155 [[35mhttp[39m] [35mDebut session[39m
2024-03-14 12:31:57:3157 [[35mhttp[39m] [35mDebut session[39m
2024-03-14 12:31:59:3159 [[35mhttp[39m] [35mDebut session[39m
2024-03-14 12:32:02:322 [[35mhttp[39m] [35mDebut session[39m
2024-03-14 12:32:06:326 [[35mhttp[39m] [35mDebut session[39m
2024-03-14 12:32:08:328 [[35mhttp[39m] [35mDebut session[39m
2024-03-14 12:32:12:3212 [[35mhttp[39m] [35mDebut session[39m
2024-03-14 12:32:13:3213 [[35mhttp[39m] [35m::1 PUT /api/users/1 400 1284 - 20.685 ms[39m
[35m[39m
2024-03-14 12:32:23:3223 [[35mhttp[39m] [35mDebut session[39m
2024-03-14 12:32:31:3231 [[35mhttp[39m] [35mDebut session[39m
2024-03-14 12:32:32:3232 [[35mhttp[39m] [35mDebut session[39m
2024-03-14 12:32:33:3233 [[35mhttp[39m] [35m::1 PUT /api/users/1 400 1284 - 19.682 ms[39m
[35m[39m
2024-03-14 12:32:42:3242 [[35mhttp[39m] [35mDebut session[39m
2024-03-14 12:32:43:3243 [[35mhttp[39m] [35mDebut session[39m
2024-03-14 12:32:51:3251 [[35mhttp[39m] [35mDebut session[39m
2024-03-14 12:32:54:3254 [[35mhttp[39m] [35mDebut session[39m
2024-03-14 12:32:56:3256 [[35mhttp[39m] [35mDebut session[39m
2024-03-14 12:32:59:3259 [[35mhttp[39m] [35mDebut session[39m
2024-03-14 12:33:01:331 [[35mhttp[39m] [35mDebut session[39m
2024-03-14 12:33:09:339 [[35mhttp[39m] [35mDebut session[39m
2024-03-14 12:33:11:3311 [[35mhttp[39m] [35mDebut session[39m
2024-03-14 12:33:14:3314 [[35mhttp[39m] [35m::1 PUT /api/users/1 400 1284 - 18.532 ms[39m
[35m[39m
2024-03-14 12:33:24:3324 [[35mhttp[39m] [35mDebut session[39m
2024-03-14 12:33:52:3352 [[35mhttp[39m] [35m::1 PUT /api/users/1 400 1284 - 18.671 ms[39m
[35m[39m
2024-03-14 12:33:57:3357 [[35mhttp[39m] [35m::1 PUT /api/users/1 500 71 - 63.394 ms[39m
[35m[39m
2024-03-14 12:34:17:3417 [[35mhttp[39m] [35m::1 PUT /api/users/1 500 71 - 12.865 ms[39m
[35m[39m
2024-03-14 12:36:05:365 [[35mhttp[39m] [35m::1 PUT /api/users/2 500 71 - 61.412 ms[39m
[35m[39m
2024-03-14 12:36:29:3629 [[35mhttp[39m] [35m::1 PUT /api/users/2 400 1284 - 5.359 ms[39m
[35m[39m
2024-03-14 12:36:40:3640 [[35mhttp[39m] [35m::1 PUT /api/users/2 500 71 - 41.184 ms[39m
[35m[39m
2024-03-14 12:36:55:3655 [[35mhttp[39m] [35mDebut session[39m
2024-03-14 12:36:56:3656 [[35mhttp[39m] [35mDebut session[39m
2024-03-14 12:36:59:3659 [[35mhttp[39m] [35mDebut session[39m
2024-03-14 12:37:00:370 [[35mhttp[39m] [35m::1 PUT /api/users/2 500 71 - 38.534 ms[39m
[35m[39m
2024-03-14 12:38:14:3814 [[35mhttp[39m] [35mDebut session[39m
2024-03-14 12:38:17:3817 [[35mhttp[39m] [35m::1 PUT /api/users/2 500 71 - 38.276 ms[39m
[35m[39m
2024-03-14 12:38:29:3829 [[35mhttp[39m] [35mDebut session[39m
2024-03-14 12:38:33:3833 [[35mhttp[39m] [35m::1 PUT /api/users/2 500 71 - 113.842 ms[39m
[35m[39m
2024-03-14 12:39:06:396 [[35mhttp[39m] [35mDebut session[39m
2024-03-14 12:39:08:398 [[35mhttp[39m] [35mDebut session[39m
2024-03-14 12:39:11:3911 [[35mhttp[39m] [35mDebut session[39m
2024-03-14 12:39:13:3913 [[35mhttp[39m] [35mDebut session[39m
2024-03-14 12:39:17:3917 [[35mhttp[39m] [35mDebut session[39m
2024-03-14 12:39:19:3919 [[35mhttp[39m] [35mDebut session[39m
2024-03-14 12:39:29:3929 [[35mhttp[39m] [35mDebut session[39m
2024-03-14 12:39:37:3937 [[35mhttp[39m] [35mDebut session[39m
2024-03-14 12:39:42:3942 [[35mhttp[39m] [35mDebut session[39m
2024-03-14 12:39:46:3946 [[35mhttp[39m] [35mDebut session[39m
2024-03-14 12:40:02:402 [[35mhttp[39m] [35mDebut session[39m
2024-03-14 12:40:03:403 [[35mhttp[39m] [35mDebut session[39m
2024-03-14 12:40:27:4027 [[35mhttp[39m] [35mDebut session[39m
2024-03-14 12:40:28:4028 [[35mhttp[39m] [35m::1 PUT /api/users/2 200 246 - 40.287 ms[39m
[35m[39m
2024-03-14 12:40:39:4039 [[35mhttp[39m] [35m::1 PUT /api/users/2 200 224 - 44.081 ms[39m
[35m[39m
2024-03-14 12:41:07:417 [[35mhttp[39m] [35m::1 DELETE /api/users/2 500 70 - 11.309 ms[39m
[35m[39m
2024-03-14 12:41:15:4115 [[35mhttp[39m] [35mDebut session[39m
2024-03-14 12:41:26:4126 [[35mhttp[39m] [35mDebut session[39m
2024-03-14 12:41:29:4129 [[35mhttp[39m] [35mDebut session[39m
2024-03-14 12:41:31:4131 [[35mhttp[39m] [35mDebut session[39m
2024-03-14 12:41:34:4134 [[35mhttp[39m] [35mDebut session[39m
2024-03-14 12:41:43:4143 [[35mhttp[39m] [35mDebut session[39m
2024-03-14 12:41:49:4149 [[35mhttp[39m] [35mDebut session[39m
2024-03-14 12:41:54:4154 [[35mhttp[39m] [35mDebut session[39m
2024-03-14 12:41:57:4157 [[35mhttp[39m] [35mDebut session[39m
2024-03-14 12:42:00:420 [[35mhttp[39m] [35mDebut session[39m
2024-03-14 12:42:02:422 [[35mhttp[39m] [35mDebut session[39m
2024-03-14 12:42:03:423 [[35mhttp[39m] [35mDebut session[39m
2024-03-14 12:42:08:428 [[35mhttp[39m] [35mDebut session[39m
2024-03-14 12:42:11:4211 [[35mhttp[39m] [35mDebut session[39m
2024-03-14 12:42:14:4214 [[35mhttp[39m] [35mDebut session[39m
2024-03-14 12:42:21:4221 [[35mhttp[39m] [35mDebut session[39m
2024-03-14 12:42:33:4233 [[35mhttp[39m] [35mDebut session[39m
2024-03-14 12:42:39:4239 [[35mhttp[39m] [35mDebut session[39m
2024-03-14 12:42:41:4241 [[35mhttp[39m] [35mDebut session[39m
2024-03-14 12:42:47:4247 [[35mhttp[39m] [35mDebut session[39m
2024-03-14 12:42:50:4250 [[35mhttp[39m] [35mDebut session[39m
2024-03-14 12:42:59:4259 [[35mhttp[39m] [35mDebut session[39m
2024-03-14 12:43:01:431 [[35mhttp[39m] [35mDebut session[39m
2024-03-14 12:43:02:432 [[35mhttp[39m] [35m::1 DELETE /api/users/2 200 224 - 18.650 ms[39m
[35m[39m
2024-03-14 12:43:15:4315 [[35mhttp[39m] [35mDebut session[39m
2024-03-14 12:43:23:4323 [[35mhttp[39m] [35mDebut session[39m
2024-03-14 12:43:23:4323 [[35mhttp[39m] [35m::1 DELETE /api/users/2 500 44 - 24.207 ms[39m
[35m[39m
2024-03-14 12:44:12:4412 [[35mhttp[39m] [35mDebut session[39m
2024-03-14 12:44:15:4415 [[35mhttp[39m] [35m::1 GET /api/users 200 478 - 25.027 ms[39m
[35m[39m
2024-03-14 12:44:19:4419 [[35mhttp[39m] [35mDebut session[39m
2024-03-14 12:44:31:4431 [[35mhttp[39m] [35mDebut session[39m
2024-03-14 12:44:36:4436 [[35mhttp[39m] [35mDebut session[39m
2024-03-14 12:44:36:4436 [[35mhttp[39m] [35m::1 GET /api/users 200 478 - 8.540 ms[39m
[35m[39m
2024-03-14 12:44:40:4440 [[35mhttp[39m] [35m::1 DELETE /api/users/1 200 54 - 11.928 ms[39m
[35m[39m
2024-03-14 12:44:46:4446 [[35mhttp[39m] [35m::1 DELETE /api/users 404 151 - 6.912 ms[39m
[35m[39m
2024-03-14 12:44:50:4450 [[35mhttp[39m] [35m::1 DELETE /api/users/2 500 44 - 8.138 ms[39m
[35m[39m
2024-03-14 13:33:32:3332 [[35mhttp[39m] [35mDebut session[39m
2024-03-14 13:33:33:3333 [[35mhttp[39m] [35mDebut session[39m
2024-03-14 13:33:35:3335 [[35mhttp[39m] [35m::1 PUT /api/users/2 404 40 - 117.718 ms[39m
[35m[39m
2024-03-14 13:33:47:3347 [[35mhttp[39m] [35m::1 DELETE /api/users/1 500 44 - 32.597 ms[39m
[35m[39m
2024-03-14 13:39:21:3921 [[35mhttp[39m] [35mDebut session[39m
2024-03-14 13:39:25:3925 [[35mhttp[39m] [35m::1 PUT /api/users/2 404 40 - 31.531 ms[39m
[35m[39m
2024-03-14 13:39:31:3931 [[35mhttp[39m] [35m::1 PUT /api/users/5 404 40 - 10.068 ms[39m
[35m[39m
2024-03-14 13:39:40:3940 [[35mhttp[39m] [35m::1 GET /api/users 200 239 - 12.584 ms[39m
[35m[39m
2024-03-14 13:39:56:3956 [[35mhttp[39m] [35m::1 DELETE /api/users/14 200 55 - 45.385 ms[39m
[35m[39m
2024-03-14 13:40:04:404 [[35mhttp[39m] [35m::1 GET /api/users 200 12 - 25.280 ms[39m
[35m[39m
2024-03-14 13:40:14:4014 [[35mhttp[39m] [35m::1 POST /auth/signup 200 150 - 121.020 ms[39m
[35m[39m
2024-03-14 13:40:19:4019 [[35mhttp[39m] [35m::1 GET /api/users 200 239 - 11.028 ms[39m
[35m[39m
2024-03-14 13:40:49:4049 [[35mhttp[39m] [35m::1 POST /auth/signup 200 183 - 117.002 ms[39m
[35m[39m
2024-03-14 13:41:00:410 [[35mhttp[39m] [35m::1 GET /api/users 200 500 - 36.110 ms[39m
[35m[39m
2024-03-14 13:41:06:416 [[35mhttp[39m] [35m::1 DELETE /api/users/15 200 55 - 23.999 ms[39m
[35m[39m
2024-03-14 13:41:07:417 [[35mhttp[39m] [35m::1 DELETE /api/users/12 500 45 - 7.053 ms[39m
[35m[39m
2024-03-14 13:41:21:4121 [[35mhttp[39m] [35mDebut session[39m
